Using pre-set license
Built from '2021.3/staging' branch; Version is '2021.3.16f1 (4016570cf34f) revision 4200023'; Using compiler version '192829333'; Build Type 'Release'
OS: 'Windows 10  (10.0.19045) 64bit Professional' Language: 'pl' Physical Memory: 16249 MB
BatchMode: 1, IsHumanControllingUs: 0, StartBugReporterOnCrash: 0, Is64bit: 1, IsPro: 1

COMMAND LINE ARGUMENTS:
C:\Program Files\Unity\Hub\Editor\2021.3.16f1\Editor\Unity.exe
-adb2
-batchMode
-noUpm
-name
AssetImportWorker0
-projectPath
C:/Users/Michał Janaszek/PG3D-33INF-SSI-SP_AY22o23_PROJEKT_Aleksander_Iwaniak
-logFile
Logs/AssetImportWorker0.log
-srvPort
62866
Successfully changed project path to: C:/Users/Michał Janaszek/PG3D-33INF-SSI-SP_AY22o23_PROJEKT_Aleksander_Iwaniak
C:/Users/Michał Janaszek/PG3D-33INF-SSI-SP_AY22o23_PROJEKT_Aleksander_Iwaniak
[UnityMemory] Configuration Parameters - Can be set up in boot.config
    "memorysetup-bucket-allocator-granularity=16"
    "memorysetup-bucket-allocator-bucket-count=8"
    "memorysetup-bucket-allocator-block-size=33554432"
    "memorysetup-bucket-allocator-block-count=8"
    "memorysetup-main-allocator-block-size=16777216"
    "memorysetup-thread-allocator-block-size=16777216"
    "memorysetup-gfx-main-allocator-block-size=16777216"
    "memorysetup-gfx-thread-allocator-block-size=16777216"
    "memorysetup-cache-allocator-block-size=4194304"
    "memorysetup-typetree-allocator-block-size=2097152"
    "memorysetup-profiler-bucket-allocator-granularity=16"
    "memorysetup-profiler-bucket-allocator-bucket-count=8"
    "memorysetup-profiler-bucket-allocator-block-size=33554432"
    "memorysetup-profiler-bucket-allocator-block-count=8"
    "memorysetup-profiler-allocator-block-size=16777216"
    "memorysetup-profiler-editor-allocator-block-size=1048576"
    "memorysetup-temp-allocator-size-main=16777216"
    "memorysetup-job-temp-allocator-block-size=2097152"
    "memorysetup-job-temp-allocator-block-size-background=1048576"
    "memorysetup-job-temp-allocator-reduction-small-platforms=262144"
    "memorysetup-temp-allocator-size-background-worker=32768"
    "memorysetup-temp-allocator-size-job-worker=262144"
    "memorysetup-temp-allocator-size-preload-manager=33554432"
    "memorysetup-temp-allocator-size-nav-mesh-worker=65536"
    "memorysetup-temp-allocator-size-audio-worker=65536"
    "memorysetup-temp-allocator-size-cloud-worker=32768"
    "memorysetup-temp-allocator-size-gi-baking-worker=262144"
    "memorysetup-temp-allocator-size-gfx=262144"
Player connection [6576] Host "[IP] 172.17.6.91 [Port] 0 [Flags] 2 [Guid] 1868755171 [EditorId] 1868755171 [Version] 1048832 [Id] WindowsEditor(7,DESKTOP-QLK3L55) [Debug] 1 [PackageName] WindowsEditor [ProjectName] Editor" joined multi-casting on [225.0.0.222:54997]...

Player connection [6576] Host "[IP] 172.17.6.91 [Port] 0 [Flags] 2 [Guid] 1868755171 [EditorId] 1868755171 [Version] 1048832 [Id] WindowsEditor(7,DESKTOP-QLK3L55) [Debug] 1 [PackageName] WindowsEditor [ProjectName] Editor" joined alternative multi-casting on [225.0.0.222:34997]...

Refreshing native plugins compatible for Editor in 76.27 ms, found 3 plugins.
Preloading 0 native plugins for Editor in 0.00 ms.
Initialize engine version: 2021.3.16f1 (4016570cf34f)
[Subsystems] Discovering subsystems at path C:/Program Files/Unity/Hub/Editor/2021.3.16f1/Editor/Data/Resources/UnitySubsystems
[Subsystems] Discovering subsystems at path C:/Users/Michał Janaszek/PG3D-33INF-SSI-SP_AY22o23_PROJEKT_Aleksander_Iwaniak/Assets
GfxDevice: creating device client; threaded=0; jobified=0
Direct3D:
    Version:  Direct3D 11.0 [level 11.1]
    Renderer: NVIDIA GeForce GTX 1060 3GB (ID=0x1c02)
    Vendor:   NVIDIA
    VRAM:     2988 MB
    Driver:   31.0.15.1694
Initialize mono
Mono path[0] = 'C:/Program Files/Unity/Hub/Editor/2021.3.16f1/Editor/Data/Managed'
Mono path[1] = 'C:/Program Files/Unity/Hub/Editor/2021.3.16f1/Editor/Data/MonoBleedingEdge/lib/mono/unityjit-win32'
Mono config path = 'C:/Program Files/Unity/Hub/Editor/2021.3.16f1/Editor/Data/MonoBleedingEdge/etc'
Using monoOptions --debugger-agent=transport=dt_socket,embedding=1,server=y,suspend=n,address=127.0.0.1:56200
Begin MonoManager ReloadAssembly
Registering precompiled unity dll's ...
Register platform support module: C:/Program Files/Unity/Hub/Editor/2021.3.16f1/Editor/Data/PlaybackEngines/WindowsStandaloneSupport/UnityEditor.WindowsStandalone.Extensions.dll
Registered in 0.005737 seconds.
Native extension for WindowsStandalone target not found
Refreshing native plugins compatible for Editor in 66.77 ms, found 3 plugins.
Preloading 0 native plugins for Editor in 0.00 ms.
Mono: successfully reloaded assembly
- Completed reload, in  0.551 seconds
Domain Reload Profiling:
	ReloadAssembly (551ms)
		BeginReloadAssembly (67ms)
			ExecutionOrderSort (0ms)
			DisableScriptedObjects (0ms)
			BackupInstance (0ms)
			ReleaseScriptingObjects (0ms)
			CreateAndSetChildDomain (1ms)
		EndReloadAssembly (386ms)
			LoadAssemblies (66ms)
			RebuildTransferFunctionScriptingTraits (0ms)
			SetupTypeCache (82ms)
			ReleaseScriptCaches (0ms)
			RebuildScriptCaches (21ms)
			SetupLoadedEditorAssemblies (240ms)
				LogAssemblyErrors (0ms)
				InitializePlatformSupportModulesInManaged (7ms)
				SetLoadedEditorAssemblies (0ms)
				RefreshPlugins (67ms)
				BeforeProcessingInitializeOnLoad (1ms)
				ProcessInitializeOnLoadAttributes (123ms)
				ProcessInitializeOnLoadMethodAttributes (42ms)
				AfterProcessingInitializeOnLoad (0ms)
				EditorAssembliesLoaded (0ms)
			ExecutionOrderSort2 (0ms)
			AwakeInstancesAfterBackupRestoration (0ms)
Platform modules already initialized, skipping
Registering precompiled user dll's ...
Registered in 0.004623 seconds.
Begin MonoManager ReloadAssembly
Symbol file LoadedFromMemory doesn't match image C:\Users\Michał Janaszek\PG3D-33INF-SSI-SP_AY22o23_PROJEKT_Aleksander_Iwaniak\Library\PackageCache\com.unity.visualscripting@1.7.8\Editor\VisualScripting.Core\Dependencies\YamlDotNet\Unity.VisualScripting.YamlDotNet.dll
Symbol file LoadedFromMemory doesn't match image C:\Users\Michał Janaszek\PG3D-33INF-SSI-SP_AY22o23_PROJEKT_Aleksander_Iwaniak\Library\PackageCache\com.unity.visualscripting@1.7.8\Editor\VisualScripting.Core\Dependencies\DotNetZip\Unity.VisualScripting.IonicZip.dll
Native extension for WindowsStandalone target not found
Refreshing native plugins compatible for Editor in 0.49 ms, found 3 plugins.
Preloading 0 native plugins for Editor in 0.00 ms.
Mono: successfully reloaded assembly
- Completed reload, in  0.873 seconds
Domain Reload Profiling:
	ReloadAssembly (874ms)
		BeginReloadAssembly (97ms)
			ExecutionOrderSort (0ms)
			DisableScriptedObjects (5ms)
			BackupInstance (0ms)
			ReleaseScriptingObjects (0ms)
			CreateAndSetChildDomain (16ms)
		EndReloadAssembly (678ms)
			LoadAssemblies (72ms)
			RebuildTransferFunctionScriptingTraits (0ms)
			SetupTypeCache (217ms)
			ReleaseScriptCaches (0ms)
			RebuildScriptCaches (42ms)
			SetupLoadedEditorAssemblies (322ms)
				LogAssemblyErrors (0ms)
				InitializePlatformSupportModulesInManaged (5ms)
				SetLoadedEditorAssemblies (0ms)
				RefreshPlugins (1ms)
				BeforeProcessingInitializeOnLoad (73ms)
				ProcessInitializeOnLoadAttributes (212ms)
				ProcessInitializeOnLoadMethodAttributes (22ms)
				AfterProcessingInitializeOnLoad (9ms)
				EditorAssembliesLoaded (0ms)
			ExecutionOrderSort2 (0ms)
			AwakeInstancesAfterBackupRestoration (5ms)
Platform modules already initialized, skipping
========================================================================
Worker process is ready to serve import requests
Launched and connected shader compiler UnityShaderCompiler.exe after 0.03 seconds
Refreshing native plugins compatible for Editor in 0.81 ms, found 3 plugins.
Preloading 0 native plugins for Editor in 0.00 ms.
Unloading 3392 Unused Serialized files (Serialized files now loaded: 0)
Unloading 25 unused Assets / (56.7 KB). Loaded Objects now: 3854.
Memory consumption went from 120.4 MB to 120.4 MB.
Total: 3.504300 ms (FindLiveObjects: 0.373600 ms CreateObjectMapping: 0.121500 ms MarkObjects: 2.938800 ms  DeleteObjects: 0.069200 ms)

AssetImportParameters requested are different than current active one (requested -> active):
  custom:video-decoder-ogg-theora: a1e56fd34408186e4bbccfd4996cb3dc -> 
  custom:container-muxer-webm: aa71ff27fc2769a1b78a27578f13a17b -> 
  custom:container-demuxer-webm: 4f35f7cbe854078d1ac9338744f61a02 -> 
  custom:video-encoder-webm-vp8: eb34c28f22e8b96e1ab97ce403110664 -> 
  custom:audio-encoder-webm-vorbis: bf7c407c2cedff20999df2af8eb42d56 -> 
  custom:framework-win-MediaFoundation: 216162199b28c13a410421893ffa2e32 -> 
  custom:container-demuxer-ogg: 62fdf1f143b41e24485cea50d1cbac27 -> 
  custom:video-decoder-webm-vp8: 9c59270c3fd7afecdb556c50c9e8de78 -> 
  custom:audio-decoder-ogg-vorbis: bf7c407c2cedff20999df2af8eb42d56 -> 
========================================================================
Received Import Request.
  Time since last request: 360730.321129 seconds.
  path: Assets/Items/Key.fbx
  artifactKey: Guid(f5e9374712cc6bd41b347d48efa29b1b) Importer(815301076,1909f56bfc062723c751e8b465ee728b)
Start importing Assets/Items/Key.fbx using Guid(f5e9374712cc6bd41b347d48efa29b1b) Importer(815301076,1909f56bfc062723c751e8b465ee728b)  -> (artifact id: '6ec0bd69e3bdc5c97cc8cdab03c78e61') in 0.142301 seconds 
========================================================================
Received Import Request.
  Time since last request: 0.293882 seconds.
  path: Assets/Map/Enemy.prefab
  artifactKey: Guid(b2d6f3b227a5eb34e87f02e683d511a9) Importer(815301076,1909f56bfc062723c751e8b465ee728b)
Start importing Assets/Map/Enemy.prefab using Guid(b2d6f3b227a5eb34e87f02e683d511a9) Importer(815301076,1909f56bfc062723c751e8b465ee728b)  -> (artifact id: '1cc8bd02af789a279a19b6bed461bd57') in 0.026702 seconds 
========================================================================
Received Import Request.
  Time since last request: 18.553579 seconds.
  path: Assets/Map/Enemy.prefab
  artifactKey: Guid(b2d6f3b227a5eb34e87f02e683d511a9) Importer(815301076,1909f56bfc062723c751e8b465ee728b)
Start importing Assets/Map/Enemy.prefab using Guid(b2d6f3b227a5eb34e87f02e683d511a9) Importer(815301076,1909f56bfc062723c751e8b465ee728b)  -> (artifact id: '50387613da67cb251e7368ca998c8ede') in 0.012649 seconds 
========================================================================
Received Import Request.
  Time since last request: 6.375124 seconds.
  path: Assets/Map/Enemy.prefab
  artifactKey: Guid(b2d6f3b227a5eb34e87f02e683d511a9) Importer(815301076,1909f56bfc062723c751e8b465ee728b)
Start importing Assets/Map/Enemy.prefab using Guid(b2d6f3b227a5eb34e87f02e683d511a9) Importer(815301076,1909f56bfc062723c751e8b465ee728b)  -> (artifact id: '969749472969b7a68548482becff232a') in 0.011417 seconds 
========================================================================
Received Import Request.
  Time since last request: 3.415639 seconds.
  path: Assets/Map/Enemy.prefab
  artifactKey: Guid(b2d6f3b227a5eb34e87f02e683d511a9) Importer(815301076,1909f56bfc062723c751e8b465ee728b)
Start importing Assets/Map/Enemy.prefab using Guid(b2d6f3b227a5eb34e87f02e683d511a9) Importer(815301076,1909f56bfc062723c751e8b465ee728b)  -> (artifact id: '87e36f50b57abba22193569ebc57e355') in 0.010629 seconds 
========================================================================
Received Import Request.
  Time since last request: 2.608257 seconds.
  path: Assets/Map/Enemy.prefab
  artifactKey: Guid(b2d6f3b227a5eb34e87f02e683d511a9) Importer(815301076,1909f56bfc062723c751e8b465ee728b)
Start importing Assets/Map/Enemy.prefab using Guid(b2d6f3b227a5eb34e87f02e683d511a9) Importer(815301076,1909f56bfc062723c751e8b465ee728b)  -> (artifact id: 'cfcf7fa4bcd9467961c77b39541d4e38') in 0.012014 seconds 
========================================================================
Received Import Request.
  Time since last request: 5.035311 seconds.
  path: Assets/Map/Enemy.prefab
  artifactKey: Guid(b2d6f3b227a5eb34e87f02e683d511a9) Importer(815301076,1909f56bfc062723c751e8b465ee728b)
Start importing Assets/Map/Enemy.prefab using Guid(b2d6f3b227a5eb34e87f02e683d511a9) Importer(815301076,1909f56bfc062723c751e8b465ee728b)  -> (artifact id: '7a79cde0b0519675c70025a01481877b') in 0.012084 seconds 
========================================================================
Received Import Request.
  Time since last request: 1.417291 seconds.
  path: Assets/Map/Enemy.prefab
  artifactKey: Guid(b2d6f3b227a5eb34e87f02e683d511a9) Importer(815301076,1909f56bfc062723c751e8b465ee728b)
Start importing Assets/Map/Enemy.prefab using Guid(b2d6f3b227a5eb34e87f02e683d511a9) Importer(815301076,1909f56bfc062723c751e8b465ee728b)  -> (artifact id: '23d5cc403ad53c2e86ef3fee7facb745') in 0.011524 seconds 
========================================================================
Received Import Request.
  Time since last request: 7.030404 seconds.
  path: Assets/Map/Enemy.prefab
  artifactKey: Guid(b2d6f3b227a5eb34e87f02e683d511a9) Importer(815301076,1909f56bfc062723c751e8b465ee728b)
Start importing Assets/Map/Enemy.prefab using Guid(b2d6f3b227a5eb34e87f02e683d511a9) Importer(815301076,1909f56bfc062723c751e8b465ee728b)  -> (artifact id: 'b57d5ab74d970d92088e98d956862516') in 0.016973 seconds 
========================================================================
Received Import Request.
  Time since last request: 4.416565 seconds.
  path: Assets/Map/Enemy.prefab
  artifactKey: Guid(b2d6f3b227a5eb34e87f02e683d511a9) Importer(815301076,1909f56bfc062723c751e8b465ee728b)
Start importing Assets/Map/Enemy.prefab using Guid(b2d6f3b227a5eb34e87f02e683d511a9) Importer(815301076,1909f56bfc062723c751e8b465ee728b)  -> (artifact id: '98ef6033283270428e0fc8fb6bbec9d8') in 0.011017 seconds 
========================================================================
Received Import Request.
  Time since last request: 2.194696 seconds.
  path: Assets/Map/Enemy.prefab
  artifactKey: Guid(b2d6f3b227a5eb34e87f02e683d511a9) Importer(815301076,1909f56bfc062723c751e8b465ee728b)
Start importing Assets/Map/Enemy.prefab using Guid(b2d6f3b227a5eb34e87f02e683d511a9) Importer(815301076,1909f56bfc062723c751e8b465ee728b)  -> (artifact id: 'bdc2cd8c83fa6992233bd9d1b846f3ad') in 0.010879 seconds 
========================================================================
Received Import Request.
  Time since last request: 10.866774 seconds.
  path: Assets/Map/Enemy.prefab
  artifactKey: Guid(b2d6f3b227a5eb34e87f02e683d511a9) Importer(815301076,1909f56bfc062723c751e8b465ee728b)
Start importing Assets/Map/Enemy.prefab using Guid(b2d6f3b227a5eb34e87f02e683d511a9) Importer(815301076,1909f56bfc062723c751e8b465ee728b)  -> (artifact id: 'c2cf6fcae4bc91bb79c8234e5ecc1818') in 0.010470 seconds 
========================================================================
Received Import Request.
  Time since last request: 0.790890 seconds.
  path: Assets/Map/Enemy.prefab
  artifactKey: Guid(b2d6f3b227a5eb34e87f02e683d511a9) Importer(815301076,1909f56bfc062723c751e8b465ee728b)
Start importing Assets/Map/Enemy.prefab using Guid(b2d6f3b227a5eb34e87f02e683d511a9) Importer(815301076,1909f56bfc062723c751e8b465ee728b)  -> (artifact id: '64b4bba71dd5a2f1cbcbe8846d1ca25e') in 0.010799 seconds 
========================================================================
Received Import Request.
  Time since last request: 12.004025 seconds.
  path: Assets/Map/Enemy.prefab
  artifactKey: Guid(b2d6f3b227a5eb34e87f02e683d511a9) Importer(815301076,1909f56bfc062723c751e8b465ee728b)
Start importing Assets/Map/Enemy.prefab using Guid(b2d6f3b227a5eb34e87f02e683d511a9) Importer(815301076,1909f56bfc062723c751e8b465ee728b)  -> (artifact id: '0644cf76054966d29512c42b4686a2bc') in 0.012567 seconds 
========================================================================
Received Import Request.
  Time since last request: 9.851434 seconds.
  path: Assets/Map/Enemy.prefab
  artifactKey: Guid(b2d6f3b227a5eb34e87f02e683d511a9) Importer(815301076,1909f56bfc062723c751e8b465ee728b)
Start importing Assets/Map/Enemy.prefab using Guid(b2d6f3b227a5eb34e87f02e683d511a9) Importer(815301076,1909f56bfc062723c751e8b465ee728b)  -> (artifact id: '7fc1d50763ea8a193851d24ecccf28b9') in 0.011789 seconds 
========================================================================
Received Import Request.
  Time since last request: 4.220927 seconds.
  path: Assets/Map/Enemy.prefab
  artifactKey: Guid(b2d6f3b227a5eb34e87f02e683d511a9) Importer(815301076,1909f56bfc062723c751e8b465ee728b)
Start importing Assets/Map/Enemy.prefab using Guid(b2d6f3b227a5eb34e87f02e683d511a9) Importer(815301076,1909f56bfc062723c751e8b465ee728b)  -> (artifact id: 'f765e2b7938cae945362212a2bd935fc') in 0.011323 seconds 
========================================================================
Received Import Request.
  Time since last request: 1.597363 seconds.
  path: Assets/Map/Enemy.prefab
  artifactKey: Guid(b2d6f3b227a5eb34e87f02e683d511a9) Importer(815301076,1909f56bfc062723c751e8b465ee728b)
Start importing Assets/Map/Enemy.prefab using Guid(b2d6f3b227a5eb34e87f02e683d511a9) Importer(815301076,1909f56bfc062723c751e8b465ee728b)  -> (artifact id: '9e967449ad635339540a1ab0b22ad2a3') in 0.010915 seconds 
========================================================================
Received Import Request.
  Time since last request: 2.200302 seconds.
  path: Assets/Map/Enemy.prefab
  artifactKey: Guid(b2d6f3b227a5eb34e87f02e683d511a9) Importer(815301076,1909f56bfc062723c751e8b465ee728b)
Start importing Assets/Map/Enemy.prefab using Guid(b2d6f3b227a5eb34e87f02e683d511a9) Importer(815301076,1909f56bfc062723c751e8b465ee728b)  -> (artifact id: '042038160e45bf8f9579cd1d3ede02ba') in 0.012489 seconds 
========================================================================
Received Import Request.
  Time since last request: 3.210332 seconds.
  path: Assets/Map/Enemy.prefab
  artifactKey: Guid(b2d6f3b227a5eb34e87f02e683d511a9) Importer(815301076,1909f56bfc062723c751e8b465ee728b)
Start importing Assets/Map/Enemy.prefab using Guid(b2d6f3b227a5eb34e87f02e683d511a9) Importer(815301076,1909f56bfc062723c751e8b465ee728b)  -> (artifact id: '08d0e3ba6f79d84c707213956cc3089f') in 0.010582 seconds 
========================================================================
Received Import Request.
  Time since last request: 2.198177 seconds.
  path: Assets/Map/Enemy.prefab
  artifactKey: Guid(b2d6f3b227a5eb34e87f02e683d511a9) Importer(815301076,1909f56bfc062723c751e8b465ee728b)
Start importing Assets/Map/Enemy.prefab using Guid(b2d6f3b227a5eb34e87f02e683d511a9) Importer(815301076,1909f56bfc062723c751e8b465ee728b)  -> (artifact id: '32f32332be95017d78318aa9175dfad1') in 0.011281 seconds 
========================================================================
Received Import Request.
  Time since last request: 3.211700 seconds.
  path: Assets/Map/Enemy.prefab
  artifactKey: Guid(b2d6f3b227a5eb34e87f02e683d511a9) Importer(815301076,1909f56bfc062723c751e8b465ee728b)
Start importing Assets/Map/Enemy.prefab using Guid(b2d6f3b227a5eb34e87f02e683d511a9) Importer(815301076,1909f56bfc062723c751e8b465ee728b)  -> (artifact id: '9fc569399d7557b35a4562760a8fab7a') in 0.011431 seconds 
========================================================================
Received Import Request.
  Time since last request: 5.628720 seconds.
  path: Assets/Map/Enemy.prefab
  artifactKey: Guid(b2d6f3b227a5eb34e87f02e683d511a9) Importer(815301076,1909f56bfc062723c751e8b465ee728b)
Start importing Assets/Map/Enemy.prefab using Guid(b2d6f3b227a5eb34e87f02e683d511a9) Importer(815301076,1909f56bfc062723c751e8b465ee728b)  -> (artifact id: '7d0364eb975c1f130b26206d4fee079a') in 0.010625 seconds 
========================================================================
Received Import Request.
  Time since last request: 5.022303 seconds.
  path: Assets/Map/Enemy.prefab
  artifactKey: Guid(b2d6f3b227a5eb34e87f02e683d511a9) Importer(815301076,1909f56bfc062723c751e8b465ee728b)
Start importing Assets/Map/Enemy.prefab using Guid(b2d6f3b227a5eb34e87f02e683d511a9) Importer(815301076,1909f56bfc062723c751e8b465ee728b)  -> (artifact id: '2c29906e08b1b283cf026cd3796c7636') in 0.010642 seconds 
========================================================================
Received Import Request.
  Time since last request: 1.596111 seconds.
  path: Assets/Map/Enemy.prefab
  artifactKey: Guid(b2d6f3b227a5eb34e87f02e683d511a9) Importer(815301076,1909f56bfc062723c751e8b465ee728b)
Start importing Assets/Map/Enemy.prefab using Guid(b2d6f3b227a5eb34e87f02e683d511a9) Importer(815301076,1909f56bfc062723c751e8b465ee728b)  -> (artifact id: '1e7153724aaa34428ea22ebf02ed2213') in 0.011086 seconds 
========================================================================
Received Import Request.
  Time since last request: 4.416933 seconds.
  path: Assets/Map/Enemy.prefab
  artifactKey: Guid(b2d6f3b227a5eb34e87f02e683d511a9) Importer(815301076,1909f56bfc062723c751e8b465ee728b)
Start importing Assets/Map/Enemy.prefab using Guid(b2d6f3b227a5eb34e87f02e683d511a9) Importer(815301076,1909f56bfc062723c751e8b465ee728b)  -> (artifact id: 'ea58bd027cd3f6c536ed146c64194e07') in 0.009585 seconds 
========================================================================
Received Import Request.
  Time since last request: 6.632206 seconds.
  path: Assets/Map/Enemy.prefab
  artifactKey: Guid(b2d6f3b227a5eb34e87f02e683d511a9) Importer(815301076,1909f56bfc062723c751e8b465ee728b)
Start importing Assets/Map/Enemy.prefab using Guid(b2d6f3b227a5eb34e87f02e683d511a9) Importer(815301076,1909f56bfc062723c751e8b465ee728b)  -> (artifact id: '7acff4c6f38c657eafc4827d4761ef86') in 0.010905 seconds 
========================================================================
Received Import Request.
  Time since last request: 6.031952 seconds.
  path: Assets/Map/Enemy.prefab
  artifactKey: Guid(b2d6f3b227a5eb34e87f02e683d511a9) Importer(815301076,1909f56bfc062723c751e8b465ee728b)
Start importing Assets/Map/Enemy.prefab using Guid(b2d6f3b227a5eb34e87f02e683d511a9) Importer(815301076,1909f56bfc062723c751e8b465ee728b)  -> (artifact id: '3941504e26216273b7b37f3f87cf5d49') in 0.010449 seconds 
========================================================================
Received Import Request.
  Time since last request: 2.405893 seconds.
  path: Assets/Map/Enemy.prefab
  artifactKey: Guid(b2d6f3b227a5eb34e87f02e683d511a9) Importer(815301076,1909f56bfc062723c751e8b465ee728b)
Start importing Assets/Map/Enemy.prefab using Guid(b2d6f3b227a5eb34e87f02e683d511a9) Importer(815301076,1909f56bfc062723c751e8b465ee728b)  -> (artifact id: 'b4b5c93952d74509a538668794cb3c52') in 0.008582 seconds 
========================================================================
Received Import Request.
  Time since last request: 3.014305 seconds.
  path: Assets/Map/Enemy.prefab
  artifactKey: Guid(b2d6f3b227a5eb34e87f02e683d511a9) Importer(815301076,1909f56bfc062723c751e8b465ee728b)
Start importing Assets/Map/Enemy.prefab using Guid(b2d6f3b227a5eb34e87f02e683d511a9) Importer(815301076,1909f56bfc062723c751e8b465ee728b)  -> (artifact id: '33ada5ff5fe7ff0d205f43f1a57b741c') in 0.010221 seconds 
========================================================================
Received Import Request.
  Time since last request: 12.941035 seconds.
  path: Assets/Map/Enemy.prefab
  artifactKey: Guid(b2d6f3b227a5eb34e87f02e683d511a9) Importer(815301076,1909f56bfc062723c751e8b465ee728b)
Start importing Assets/Map/Enemy.prefab using Guid(b2d6f3b227a5eb34e87f02e683d511a9) Importer(815301076,1909f56bfc062723c751e8b465ee728b)  -> (artifact id: 'aa2f1bef120201100232e5c9175436f1') in 0.012480 seconds 
========================================================================
Received Import Request.
  Time since last request: 5.629844 seconds.
  path: Assets/Map/Enemy.prefab
  artifactKey: Guid(b2d6f3b227a5eb34e87f02e683d511a9) Importer(815301076,1909f56bfc062723c751e8b465ee728b)
Start importing Assets/Map/Enemy.prefab using Guid(b2d6f3b227a5eb34e87f02e683d511a9) Importer(815301076,1909f56bfc062723c751e8b465ee728b)  -> (artifact id: 'e73e494557888db655e42a11da1c4ea0') in 0.012693 seconds 
========================================================================
Received Import Request.
  Time since last request: 3.413690 seconds.
  path: Assets/Map/Enemy.prefab
  artifactKey: Guid(b2d6f3b227a5eb34e87f02e683d511a9) Importer(815301076,1909f56bfc062723c751e8b465ee728b)
Start importing Assets/Map/Enemy.prefab using Guid(b2d6f3b227a5eb34e87f02e683d511a9) Importer(815301076,1909f56bfc062723c751e8b465ee728b)  -> (artifact id: 'ec646eef4f00b96ceaf3ca079aa7edf7') in 0.010551 seconds 
========================================================================
Received Import Request.
  Time since last request: 2.197461 seconds.
  path: Assets/Map/Enemy.prefab
  artifactKey: Guid(b2d6f3b227a5eb34e87f02e683d511a9) Importer(815301076,1909f56bfc062723c751e8b465ee728b)
Start importing Assets/Map/Enemy.prefab using Guid(b2d6f3b227a5eb34e87f02e683d511a9) Importer(815301076,1909f56bfc062723c751e8b465ee728b)  -> (artifact id: '55ff9c0e66d8fc28ebb2fd2ea12d138e') in 0.011002 seconds 
========================================================================
Received Import Request.
  Time since last request: 1.202287 seconds.
  path: Assets/Map/Enemy.prefab
  artifactKey: Guid(b2d6f3b227a5eb34e87f02e683d511a9) Importer(815301076,1909f56bfc062723c751e8b465ee728b)
Start importing Assets/Map/Enemy.prefab using Guid(b2d6f3b227a5eb34e87f02e683d511a9) Importer(815301076,1909f56bfc062723c751e8b465ee728b)  -> (artifact id: 'b858b71f6c1c359601b6742151c64e82') in 0.014326 seconds 
========================================================================
Received Import Request.
  Time since last request: 1.992604 seconds.
  path: Assets/Map/Enemy.prefab
  artifactKey: Guid(b2d6f3b227a5eb34e87f02e683d511a9) Importer(815301076,1909f56bfc062723c751e8b465ee728b)
Start importing Assets/Map/Enemy.prefab using Guid(b2d6f3b227a5eb34e87f02e683d511a9) Importer(815301076,1909f56bfc062723c751e8b465ee728b)  -> (artifact id: 'b23ed949e2503b5f48b128a3463a9794') in 0.010296 seconds 
========================================================================
Received Import Request.
  Time since last request: 5.628023 seconds.
  path: Assets/Map/Enemy.prefab
  artifactKey: Guid(b2d6f3b227a5eb34e87f02e683d511a9) Importer(815301076,1909f56bfc062723c751e8b465ee728b)
Start importing Assets/Map/Enemy.prefab using Guid(b2d6f3b227a5eb34e87f02e683d511a9) Importer(815301076,1909f56bfc062723c751e8b465ee728b)  -> (artifact id: '4cb70e85323c27df0f9137f625d3253c') in 0.010478 seconds 
========================================================================
Received Import Request.
  Time since last request: 4.222548 seconds.
  path: Assets/Map/Enemy.prefab
  artifactKey: Guid(b2d6f3b227a5eb34e87f02e683d511a9) Importer(815301076,1909f56bfc062723c751e8b465ee728b)
Start importing Assets/Map/Enemy.prefab using Guid(b2d6f3b227a5eb34e87f02e683d511a9) Importer(815301076,1909f56bfc062723c751e8b465ee728b)  -> (artifact id: 'b46c9985df98127fbbf99b85c9bb6546') in 0.010656 seconds 
========================================================================
Received Import Request.
  Time since last request: 1.806450 seconds.
  path: Assets/Map/Enemy.prefab
  artifactKey: Guid(b2d6f3b227a5eb34e87f02e683d511a9) Importer(815301076,1909f56bfc062723c751e8b465ee728b)
Start importing Assets/Map/Enemy.prefab using Guid(b2d6f3b227a5eb34e87f02e683d511a9) Importer(815301076,1909f56bfc062723c751e8b465ee728b)  -> (artifact id: '1ead5d7823c1eb2d80ec594cc4831ed6') in 0.009796 seconds 
========================================================================
Received Import Request.
  Time since last request: 8.662901 seconds.
  path: Assets/Map/Enemy.prefab
  artifactKey: Guid(b2d6f3b227a5eb34e87f02e683d511a9) Importer(815301076,1909f56bfc062723c751e8b465ee728b)
Start importing Assets/Map/Enemy.prefab using Guid(b2d6f3b227a5eb34e87f02e683d511a9) Importer(815301076,1909f56bfc062723c751e8b465ee728b)  -> (artifact id: 'a8f28cac8ce40ea17e56a785bc80e897') in 0.010957 seconds 
========================================================================
Received Import Request.
  Time since last request: 37.075876 seconds.
  path: Assets/Materials/Black.mat
  artifactKey: Guid(33b1a6de1a0400e46880b43addc94162) Importer(815301076,1909f56bfc062723c751e8b465ee728b)
Start importing Assets/Materials/Black.mat using Guid(33b1a6de1a0400e46880b43addc94162) Importer(815301076,1909f56bfc062723c751e8b465ee728b)  -> (artifact id: '6cfb0951e4f3586ab488de9d9cb3ea32') in 0.011781 seconds 
========================================================================
Received Import Request.
  Time since last request: 18.480213 seconds.
  path: Assets/Materials/Grey.mat
  artifactKey: Guid(c79d112fc70127d4589d3ebc294c864f) Importer(815301076,1909f56bfc062723c751e8b465ee728b)
Start importing Assets/Materials/Grey.mat using Guid(c79d112fc70127d4589d3ebc294c864f) Importer(815301076,1909f56bfc062723c751e8b465ee728b)  -> (artifact id: 'b0f6b13ae3e9a900d30d7b44dc50b2fc') in 0.009714 seconds 
========================================================================
Received Import Request.
  Time since last request: 6.825942 seconds.
  path: Assets/Materials/Black.mat
  artifactKey: Guid(33b1a6de1a0400e46880b43addc94162) Importer(815301076,1909f56bfc062723c751e8b465ee728b)
Start importing Assets/Materials/Black.mat using Guid(33b1a6de1a0400e46880b43addc94162) Importer(815301076,1909f56bfc062723c751e8b465ee728b)  -> (artifact id: 'be5134825e3b7298a68cb21ea6092af1') in 0.009536 seconds 
========================================================================
Received Prepare
Registering precompiled user dll's ...
Registered in 0.004346 seconds.
Begin MonoManager ReloadAssembly
Symbol file LoadedFromMemory doesn't match image C:\Users\Michał Janaszek\PG3D-33INF-SSI-SP_AY22o23_PROJEKT_Aleksander_Iwaniak\Library\PackageCache\com.unity.visualscripting@1.7.8\Editor\VisualScripting.Core\Dependencies\YamlDotNet\Unity.VisualScripting.YamlDotNet.dll
Symbol file LoadedFromMemory doesn't match image C:\Users\Michał Janaszek\PG3D-33INF-SSI-SP_AY22o23_PROJEKT_Aleksander_Iwaniak\Library\PackageCache\com.unity.visualscripting@1.7.8\Editor\VisualScripting.Core\Dependencies\DotNetZip\Unity.VisualScripting.IonicZip.dll
Native extension for WindowsStandalone target not found
Refreshing native plugins compatible for Editor in 0.75 ms, found 3 plugins.
Preloading 0 native plugins for Editor in 0.00 ms.
Mono: successfully reloaded assembly
- Completed reload, in  0.940 seconds
Domain Reload Profiling:
	ReloadAssembly (941ms)
		BeginReloadAssembly (128ms)
			ExecutionOrderSort (0ms)
			DisableScriptedObjects (4ms)
			BackupInstance (0ms)
			ReleaseScriptingObjects (0ms)
			CreateAndSetChildDomain (32ms)
		EndReloadAssembly (714ms)
			LoadAssemblies (81ms)
			RebuildTransferFunctionScriptingTraits (0ms)
			SetupTypeCache (250ms)
			ReleaseScriptCaches (1ms)
			RebuildScriptCaches (36ms)
			SetupLoadedEditorAssemblies (312ms)
				LogAssemblyErrors (0ms)
				InitializePlatformSupportModulesInManaged (14ms)
				SetLoadedEditorAssemblies (1ms)
				RefreshPlugins (1ms)
				BeforeProcessingInitializeOnLoad (74ms)
				ProcessInitializeOnLoadAttributes (189ms)
				ProcessInitializeOnLoadMethodAttributes (24ms)
				AfterProcessingInitializeOnLoad (9ms)
				EditorAssembliesLoaded (0ms)
			ExecutionOrderSort2 (0ms)
			AwakeInstancesAfterBackupRestoration (5ms)
Platform modules already initialized, skipping
Refreshing native plugins compatible for Editor in 2.52 ms, found 3 plugins.
Preloading 0 native plugins for Editor in 0.00 ms.
Unloading 3371 Unused Serialized files (Serialized files now loaded: 0)
Unloading 20 unused Assets / (25.5 KB). Loaded Objects now: 3905.
Memory consumption went from 123.8 MB to 123.8 MB.
Total: 4.745700 ms (FindLiveObjects: 0.585800 ms CreateObjectMapping: 0.389600 ms MarkObjects: 3.696000 ms  DeleteObjects: 0.068400 ms)

AssetImportParameters requested are different than current active one (requested -> active):
  custom:video-decoder-ogg-theora: a1e56fd34408186e4bbccfd4996cb3dc -> 
  custom:container-muxer-webm: aa71ff27fc2769a1b78a27578f13a17b -> 
  custom:container-demuxer-webm: 4f35f7cbe854078d1ac9338744f61a02 -> 
  custom:video-encoder-webm-vp8: eb34c28f22e8b96e1ab97ce403110664 -> 
  custom:audio-encoder-webm-vorbis: bf7c407c2cedff20999df2af8eb42d56 -> 
  custom:framework-win-MediaFoundation: 216162199b28c13a410421893ffa2e32 -> 
  custom:container-demuxer-ogg: 62fdf1f143b41e24485cea50d1cbac27 -> 
  custom:video-decoder-webm-vp8: 9c59270c3fd7afecdb556c50c9e8de78 -> 
  custom:audio-decoder-ogg-vorbis: bf7c407c2cedff20999df2af8eb42d56 -> 
